2025-03-20 11:09:45,259 - INFO - Запуск поиска подержанных автомобилей
2025-03-20 11:09:45,259 - INFO - Обработка страницы 1 из 2
2025-03-20 11:09:45,259 - INFO - Запрос токена. Принудительное обновление: False
2025-03-20 11:09:45,259 - INFO - Получение главной страницы для извлечения токена
2025-03-20 11:09:45,260 - INFO - Выполняется запрос к URL: https://autospot.ru/
2025-03-20 11:09:48,076 - INFO - Получен ответ с кодом: 200
2025-03-20 11:09:48,077 - INFO - Главная страница успешно получена, ищем токен
2025-03-20 11:09:48,081 - INFO - Найден скрипт serverApp-state, извлекаем данные
2025-03-20 11:09:48,085 - INFO - Получен новый токен
2025-03-20 11:09:48,087 - INFO - Выполняется запрос к URL: https://autospot.ru/used-car/?sort=-views_count&limit=12&page=1
2025-03-20 11:09:52,995 - INFO - Получен ответ с кодом: 200
2025-03-20 11:09:52,995 - INFO - Страница 1 успешно получена, парсим данные
2025-03-20 11:09:53,016 - INFO - Обнаружено 719 страниц
2025-03-20 11:09:53,016 - INFO - Найдено 12 автомобилей на странице 1
2025-03-20 11:09:53,016 - INFO - Обработка автомобиля: https://autospot.ru/brands/ford/mondeo/2010/sw/used/612883/
2025-03-20 11:09:53,016 - INFO - Поиск основной информации по https://autospot.ru/brands/ford/mondeo/2010/sw/used/612883/
2025-03-20 11:09:53,017 - INFO - Выполняется запрос к URL: https://autospot.ru/brands/ford/mondeo/2010/sw/used/612883/
2025-03-20 11:09:56,558 - INFO - Получен ответ с кодом: 200
2025-03-20 11:09:56,558 - INFO - Страница https://autospot.ru/brands/ford/mondeo/2010/sw/used/612883/ успешно получена, извлекаем данные
2025-03-20 11:09:56,562 - INFO - Найден скрипт serverApp-state, извлекаем JSON
2025-03-20 11:09:56,564 - INFO - Найдены данные об автомобиле
2025-03-20 11:09:56,565 - INFO - Найдены характеристики автомобиля
2025-03-20 11:09:56,565 - INFO - Найдены опции автомобиля
2025-03-20 11:09:56,565 - INFO - Добавлена группа опций: Комфорт с 8 элементами
2025-03-20 11:09:56,566 - INFO - Добавлена группа опций: Безопасность с 3 элементами
2025-03-20 11:09:56,566 - INFO - Добавлена группа опций: Мультимедиа с 1 элементами
2025-03-20 11:09:56,566 - INFO - Добавлена группа опций: Обзор и фары с 1 элементами
2025-03-20 11:09:56,566 - INFO - Добавлена группа опций: Другие с 8 элементами
2025-03-20 11:09:56,567 - INFO - Извлечение фотографий автомобиля
2025-03-20 11:09:56,585 - INFO - Найдено 20 фотографий
2025-03-20 11:09:56,585 - INFO - Сформированы данные для автомобиля: Ford Mondeo
2025-03-20 11:09:56,585 - INFO - Сохранение данных в JSON файл
2025-03-20 11:09:56,585 - INFO - Файл auto_data.json не найден, будет создан новый
2025-03-20 11:09:56,586 - INFO - Добавлено 1 новых записей, всего: 1
2025-03-20 11:09:56,587 - INFO - Данные успешно сохранены в auto_data.json
2025-03-20 11:09:56,588 - INFO - Сохранены данные для машины: https://autospot.ru/brands/ford/mondeo/2010/sw/used/612883/
2025-03-20 11:09:56,590 - INFO - Обработка автомобиля: https://autospot.ru/brands/vaz/xray/2015/hatchback/used/115712/
2025-03-20 11:09:56,591 - INFO - Поиск основной информации по https://autospot.ru/brands/vaz/xray/2015/hatchback/used/115712/
2025-03-20 11:09:56,591 - INFO - Выполняется запрос к URL: https://autospot.ru/brands/vaz/xray/2015/hatchback/used/115712/
2025-03-20 11:10:04,266 - INFO - Получен ответ с кодом: 200
2025-03-20 11:10:04,267 - INFO - Страница https://autospot.ru/brands/vaz/xray/2015/hatchback/used/115712/ успешно получена, извлекаем данные
2025-03-20 11:10:04,269 - INFO - Найден скрипт serverApp-state, извлекаем JSON
2025-03-20 11:10:04,270 - INFO - Найдены данные об автомобиле
2025-03-20 11:10:04,271 - INFO - Найдены характеристики автомобиля
2025-03-20 11:10:04,271 - INFO - Найдены опции автомобиля
2025-03-20 11:10:04,271 - INFO - Добавлена группа опций: Комфорт с 4 элементами
2025-03-20 11:10:04,271 - INFO - Добавлена группа опций: Безопасность с 2 элементами
2025-03-20 11:10:04,272 - INFO - Добавлена группа опций: Мультимедиа с 1 элементами
2025-03-20 11:10:04,272 - INFO - Добавлена группа опций: Обзор и фары с 1 элементами
2025-03-20 11:10:04,272 - INFO - Добавлена группа опций: Другие с 12 элементами
2025-03-20 11:10:04,273 - INFO - Извлечение фотографий автомобиля
2025-03-20 11:10:04,286 - INFO - Найдено 20 фотографий
2025-03-20 11:10:04,286 - INFO - Сформированы данные для автомобиля: LADA (ВАЗ) XRAY
2025-03-20 11:10:04,287 - INFO - Сохранение данных в JSON файл
2025-03-20 11:10:04,287 - INFO - Чтение существующего файла auto_data.json
2025-03-20 11:10:04,288 - INFO - Прочитано 1 записей из файла
2025-03-20 11:10:04,288 - INFO - Добавлено 1 новых записей, всего: 2
2025-03-20 11:10:04,289 - INFO - Данные успешно сохранены в auto_data.json
2025-03-20 11:10:04,290 - INFO - Сохранены данные для машины: https://autospot.ru/brands/vaz/xray/2015/hatchback/used/115712/
2025-03-20 11:10:04,292 - INFO - Обработка автомобиля: https://autospot.ru/brands/mazda/cx_5/suv/used/547663/
2025-03-20 11:10:04,293 - INFO - Поиск основной информации по https://autospot.ru/brands/mazda/cx_5/suv/used/547663/
2025-03-20 11:10:04,293 - INFO - Выполняется запрос к URL: https://autospot.ru/brands/mazda/cx_5/suv/used/547663/
2025-03-20 11:10:07,930 - INFO - Получен ответ с кодом: 504
2025-03-20 11:10:07,931 - WARNING - Получена ошибка 504. Повторная попытка 1 через 1 сек...
2025-03-20 11:10:20,919 - INFO - Получен ответ с кодом: 200
2025-03-20 11:10:20,919 - INFO - Страница https://autospot.ru/brands/mazda/cx_5/suv/used/547663/ успешно получена, извлекаем данные
2025-03-20 11:10:20,923 - INFO - Найден скрипт serverApp-state, извлекаем JSON
2025-03-20 11:10:20,926 - INFO - Найдены данные об автомобиле
2025-03-20 11:10:20,926 - INFO - Найдены характеристики автомобиля
2025-03-20 11:10:20,926 - INFO - Найдены опции автомобиля
2025-03-20 11:10:20,926 - INFO - Добавлена группа опций: Экстерьер с 1 элементами
2025-03-20 11:10:20,926 - INFO - Добавлена группа опций: Мультимедиа с 1 элементами
2025-03-20 11:10:20,927 - INFO - Добавлена группа опций: Безопасность с 2 элементами
2025-03-20 11:10:20,927 - INFO - Добавлена группа опций: Другие с 10 элементами
2025-03-20 11:10:20,928 - INFO - Добавлена группа опций: Комфорт с 8 элементами
2025-03-20 11:10:20,928 - INFO - Добавлена группа опций: Обзор и фары с 2 элементами
2025-03-20 11:10:20,928 - INFO - Извлечение фотографий автомобиля
2025-03-20 11:10:20,947 - INFO - Найдено 20 фотографий
2025-03-20 11:10:20,947 - INFO - Сформированы данные для автомобиля: Mazda CX-5
2025-03-20 11:10:20,948 - INFO - Сохранение данных в JSON файл
2025-03-20 11:10:20,948 - INFO - Чтение существующего файла auto_data.json
2025-03-20 11:10:20,949 - INFO - Прочитано 2 записей из файла
2025-03-20 11:10:20,949 - INFO - Добавлено 1 новых записей, всего: 3
2025-03-20 11:10:20,951 - INFO - Данные успешно сохранены в auto_data.json
2025-03-20 11:10:20,952 - INFO - Сохранены данные для машины: https://autospot.ru/brands/mazda/cx_5/suv/used/547663/
2025-03-20 11:10:20,955 - INFO - Обработка автомобиля: https://autospot.ru/brands/mazda/cx-5/2011/suv/used/568517/
2025-03-20 11:10:20,955 - INFO - Поиск основной информации по https://autospot.ru/brands/mazda/cx-5/2011/suv/used/568517/
2025-03-20 11:10:20,955 - INFO - Выполняется запрос к URL: https://autospot.ru/brands/mazda/cx-5/2011/suv/used/568517/
2025-03-20 11:10:36,287 - INFO - Получен ответ с кодом: 200
2025-03-20 11:10:36,287 - INFO - Страница https://autospot.ru/brands/mazda/cx-5/2011/suv/used/568517/ успешно получена, извлекаем данные
2025-03-20 11:10:36,292 - INFO - Найден скрипт serverApp-state, извлекаем JSON
2025-03-20 11:10:36,295 - INFO - Найдены данные об автомобиле
2025-03-20 11:10:36,296 - INFO - Найдены характеристики автомобиля
2025-03-20 11:10:36,296 - INFO - Найдены опции автомобиля
2025-03-20 11:10:36,296 - INFO - Добавлена группа опций: Экстерьер с 1 элементами
2025-03-20 11:10:36,297 - INFO - Добавлена группа опций: Интерьер с 1 элементами
2025-03-20 11:10:36,297 - INFO - Добавлена группа опций: Мультимедиа с 3 элементами
2025-03-20 11:10:36,297 - INFO - Добавлена группа опций: Безопасность с 11 элементами
2025-03-20 11:10:36,298 - INFO - Добавлена группа опций: Другие с 3 элементами
2025-03-20 11:10:36,298 - INFO - Добавлена группа опций: Комфорт с 22 элементами
2025-03-20 11:10:36,298 - INFO - Добавлена группа опций: Обзор и фары с 4 элементами
2025-03-20 11:10:36,299 - INFO - Извлечение фотографий автомобиля
2025-03-20 11:10:36,320 - INFO - Найдено 17 фотографий
2025-03-20 11:10:36,320 - INFO - Сформированы данные для автомобиля: Mazda CX-5
2025-03-20 11:10:36,320 - INFO - Сохранение данных в JSON файл
2025-03-20 11:10:36,321 - INFO - Чтение существующего файла auto_data.json
2025-03-20 11:10:36,322 - INFO - Прочитано 3 записей из файла
2025-03-20 11:10:36,322 - INFO - Добавлено 1 новых записей, всего: 4
2025-03-20 11:10:36,325 - INFO - Данные успешно сохранены в auto_data.json
2025-03-20 11:10:36,326 - INFO - Сохранены данные для машины: https://autospot.ru/brands/mazda/cx-5/2011/suv/used/568517/
2025-03-20 11:10:36,330 - INFO - Обработка автомобиля: https://autospot.ru/brands/kia/optima_new/2018/sedan/used/543131/
2025-03-20 11:10:36,330 - INFO - Поиск основной информации по https://autospot.ru/brands/kia/optima_new/2018/sedan/used/543131/
2025-03-20 11:10:36,331 - INFO - Выполняется запрос к URL: https://autospot.ru/brands/kia/optima_new/2018/sedan/used/543131/
2025-03-20 11:10:41,954 - INFO - Получен ответ с кодом: 200
2025-03-20 11:10:41,955 - INFO - Страница https://autospot.ru/brands/kia/optima_new/2018/sedan/used/543131/ успешно получена, извлекаем данные
2025-03-20 11:10:41,959 - INFO - Найден скрипт serverApp-state, извлекаем JSON
2025-03-20 11:10:41,962 - INFO - Найдены данные об автомобиле
2025-03-20 11:10:41,962 - INFO - Найдены характеристики автомобиля
2025-03-20 11:10:41,962 - INFO - Найдены опции автомобиля
2025-03-20 11:10:41,962 - INFO - Добавлена группа опций: Экстерьер с 1 элементами
2025-03-20 11:10:41,963 - INFO - Добавлена группа опций: Интерьер с 1 элементами
2025-03-20 11:10:41,963 - INFO - Добавлена группа опций: Мультимедиа с 2 элементами
2025-03-20 11:10:41,963 - INFO - Добавлена группа опций: Безопасность с 9 элементами
2025-03-20 11:10:41,963 - INFO - Добавлена группа опций: Комфорт с 14 элементами
2025-03-20 11:10:41,964 - INFO - Добавлена группа опций: Обзор и фары с 2 элементами
2025-03-20 11:10:41,964 - INFO - Добавлена группа опций: Другие с 11 элементами
2025-03-20 11:10:41,964 - INFO - Извлечение фотографий автомобиля
2025-03-20 11:10:41,984 - INFO - Найдено 20 фотографий
2025-03-20 11:10:41,984 - INFO - Сформированы данные для автомобиля: KIA Optima
2025-03-20 11:10:41,984 - INFO - Сохранение данных в JSON файл
2025-03-20 11:10:41,985 - INFO - Чтение существующего файла auto_data.json
2025-03-20 11:10:41,985 - INFO - Прочитано 4 записей из файла
2025-03-20 11:10:41,986 - INFO - Добавлено 1 новых записей, всего: 5
2025-03-20 11:10:41,989 - INFO - Данные успешно сохранены в auto_data.json
2025-03-20 11:10:41,990 - INFO - Сохранены данные для машины: https://autospot.ru/brands/kia/optima_new/2018/sedan/used/543131/
2025-03-20 11:10:41,993 - INFO - Обработка автомобиля: https://autospot.ru/brands/volkswagen/passat/2011/sedan/used/600639/
2025-03-20 11:10:41,993 - INFO - Поиск основной информации по https://autospot.ru/brands/volkswagen/passat/2011/sedan/used/600639/
2025-03-20 11:10:41,993 - INFO - Выполняется запрос к URL: https://autospot.ru/brands/volkswagen/passat/2011/sedan/used/600639/
2025-03-20 11:11:12,255 - ERROR - Ошибка соединения: HTTPSConnectionPool(host='autospot.ru', port=443): Read timed out. (read timeout=30). Повторная попытка 1 через 1 сек...
2025-03-20 11:11:24,460 - INFO - Получен ответ с кодом: 200
2025-03-20 11:11:24,460 - INFO - Страница https://autospot.ru/brands/volkswagen/passat/2011/sedan/used/600639/ успешно получена, извлекаем данные
2025-03-20 11:11:24,463 - INFO - Найден скрипт serverApp-state, извлекаем JSON
2025-03-20 11:11:24,465 - INFO - Найдены данные об автомобиле
2025-03-20 11:11:24,465 - INFO - Найдены характеристики автомобиля
2025-03-20 11:11:24,465 - INFO - Найдены опции автомобиля
2025-03-20 11:11:24,465 - INFO - Добавлена группа опций: Экстерьер с 3 элементами
2025-03-20 11:11:24,466 - INFO - Добавлена группа опций: Интерьер с 3 элементами
2025-03-20 11:11:24,466 - INFO - Добавлена группа опций: Мультимедиа с 4 элементами
2025-03-20 11:11:24,466 - INFO - Добавлена группа опций: Безопасность с 12 элементами
2025-03-20 11:11:24,467 - INFO - Добавлена группа опций: Дополнительно с 1 элементами
2025-03-20 11:11:24,467 - INFO - Добавлена группа опций: Другие с 6 элементами
2025-03-20 11:11:24,467 - INFO - Добавлена группа опций: Комфорт с 29 элементами
2025-03-20 11:11:24,467 - INFO - Добавлена группа опций: Обзор и фары с 5 элементами
2025-03-20 11:11:24,468 - INFO - Извлечение фотографий автомобиля
2025-03-20 11:11:24,486 - INFO - Найдено 13 фотографий
2025-03-20 11:11:24,486 - INFO - Сформированы данные для автомобиля: Volkswagen Passat
2025-03-20 11:11:24,487 - INFO - Сохранение данных в JSON файл
2025-03-20 11:11:24,487 - INFO - Чтение существующего файла auto_data.json
2025-03-20 11:11:24,488 - INFO - Прочитано 5 записей из файла
2025-03-20 11:11:24,488 - INFO - Добавлено 1 новых записей, всего: 6
2025-03-20 11:11:24,492 - INFO - Данные успешно сохранены в auto_data.json
2025-03-20 11:11:24,493 - INFO - Сохранены данные для машины: https://autospot.ru/brands/volkswagen/passat/2011/sedan/used/600639/
2025-03-20 11:11:24,493 - INFO - Обработка автомобиля: https://autospot.ru/brands/mazda/cx-5/2011/suv/used/570444/
2025-03-20 11:11:24,494 - INFO - Поиск основной информации по https://autospot.ru/brands/mazda/cx-5/2011/suv/used/570444/
2025-03-20 11:11:24,494 - INFO - Выполняется запрос к URL: https://autospot.ru/brands/mazda/cx-5/2011/suv/used/570444/
2025-03-20 11:11:32,380 - INFO - Получен ответ с кодом: 200
2025-03-20 11:11:32,380 - INFO - Страница https://autospot.ru/brands/mazda/cx-5/2011/suv/used/570444/ успешно получена, извлекаем данные
2025-03-20 11:11:32,384 - INFO - Найден скрипт serverApp-state, извлекаем JSON
2025-03-20 11:11:32,391 - INFO - Найдены данные об автомобиле
2025-03-20 11:11:32,391 - INFO - Найдены характеристики автомобиля
2025-03-20 11:11:32,391 - INFO - Найдены опции автомобиля
2025-03-20 11:11:32,392 - INFO - Добавлена группа опций: Экстерьер с 1 элементами
2025-03-20 11:11:32,392 - INFO - Добавлена группа опций: Интерьер с 1 элементами
2025-03-20 11:11:32,393 - INFO - Добавлена группа опций: Мультимедиа с 1 элементами
2025-03-20 11:11:32,393 - INFO - Добавлена группа опций: Обзор и фары с 2 элементами
2025-03-20 11:11:32,393 - INFO - Добавлена группа опций: Комфорт с 6 элементами
2025-03-20 11:11:32,394 - INFO - Добавлена группа опций: Безопасность с 3 элементами
2025-03-20 11:11:32,394 - INFO - Добавлена группа опций: Другие с 7 элементами
2025-03-20 11:11:32,395 - INFO - Извлечение фотографий автомобиля
2025-03-20 11:11:32,417 - INFO - Найдено 20 фотографий
2025-03-20 11:11:32,417 - INFO - Сформированы данные для автомобиля: Mazda CX-5
2025-03-20 11:11:32,417 - INFO - Сохранение данных в JSON файл
2025-03-20 11:11:32,417 - INFO - Чтение существующего файла auto_data.json
2025-03-20 11:11:32,419 - INFO - Прочитано 6 записей из файла
2025-03-20 11:11:32,419 - INFO - Добавлено 1 новых записей, всего: 7
2025-03-20 11:11:32,424 - INFO - Данные успешно сохранены в auto_data.json
2025-03-20 11:11:32,424 - INFO - Сохранены данные для машины: https://autospot.ru/brands/mazda/cx-5/2011/suv/used/570444/
2025-03-20 11:11:32,429 - INFO - Обработка автомобиля: https://autospot.ru/brands/volkswagen/amarok/2016/pickup/used/458793/
2025-03-20 11:11:32,429 - INFO - Поиск основной информации по https://autospot.ru/brands/volkswagen/amarok/2016/pickup/used/458793/
2025-03-20 11:11:32,430 - INFO - Выполняется запрос к URL: https://autospot.ru/brands/volkswagen/amarok/2016/pickup/used/458793/
2025-03-20 11:11:43,524 - INFO - Получен ответ с кодом: 200
2025-03-20 11:11:43,525 - INFO - Страница https://autospot.ru/brands/volkswagen/amarok/2016/pickup/used/458793/ успешно получена, извлекаем данные
2025-03-20 11:11:43,528 - INFO - Найден скрипт serverApp-state, извлекаем JSON
2025-03-20 11:11:43,529 - INFO - Найдены данные об автомобиле
2025-03-20 11:11:43,530 - INFO - Найдены характеристики автомобиля
2025-03-20 11:11:43,530 - INFO - Найдены опции автомобиля
2025-03-20 11:11:43,530 - INFO - Добавлена группа опций: Экстерьер с 1 элементами
2025-03-20 11:11:43,530 - INFO - Добавлена группа опций: Мультимедиа с 1 элементами
2025-03-20 11:11:43,531 - INFO - Добавлена группа опций: Безопасность с 5 элементами
2025-03-20 11:11:43,531 - INFO - Добавлена группа опций: Другие с 12 элементами
2025-03-20 11:11:43,531 - INFO - Добавлена группа опций: Комфорт с 11 элементами
2025-03-20 11:11:43,532 - INFO - Добавлена группа опций: Обзор и фары с 1 элементами
2025-03-20 11:11:43,532 - INFO - Извлечение фотографий автомобиля
2025-03-20 11:11:43,549 - INFO - Найдено 20 фотографий
2025-03-20 11:11:43,549 - INFO - Сформированы данные для автомобиля: Volkswagen Amarok
2025-03-20 11:11:43,550 - INFO - Сохранение данных в JSON файл
2025-03-20 11:11:43,550 - INFO - Чтение существующего файла auto_data.json
2025-03-20 11:11:43,552 - INFO - Прочитано 7 записей из файла
2025-03-20 11:11:43,552 - INFO - Добавлено 1 новых записей, всего: 8
2025-03-20 11:11:43,557 - INFO - Данные успешно сохранены в auto_data.json
2025-03-20 11:11:43,558 - INFO - Сохранены данные для машины: https://autospot.ru/brands/volkswagen/amarok/2016/pickup/used/458793/
2025-03-20 11:11:43,561 - INFO - Обработка автомобиля: https://autospot.ru/brands/ford/explorer/2017/suv/used/548090/
2025-03-20 11:11:43,562 - INFO - Поиск основной информации по https://autospot.ru/brands/ford/explorer/2017/suv/used/548090/
2025-03-20 11:11:43,562 - INFO - Выполняется запрос к URL: https://autospot.ru/brands/ford/explorer/2017/suv/used/548090/
2025-03-20 11:11:55,300 - INFO - Получен ответ с кодом: 200
2025-03-20 11:11:55,301 - INFO - Страница https://autospot.ru/brands/ford/explorer/2017/suv/used/548090/ успешно получена, извлекаем данные
2025-03-20 11:11:55,305 - INFO - Найден скрипт serverApp-state, извлекаем JSON
2025-03-20 11:11:55,310 - INFO - Найдены данные об автомобиле
2025-03-20 11:11:55,311 - INFO - Найдены характеристики автомобиля
2025-03-20 11:11:55,311 - INFO - Найдены опции автомобиля
2025-03-20 11:11:55,311 - INFO - Добавлена группа опций: Экстерьер с 2 элементами
2025-03-20 11:11:55,312 - INFO - Добавлена группа опций: Интерьер с 1 элементами
2025-03-20 11:11:55,312 - INFO - Добавлена группа опций: Мультимедиа с 1 элементами
2025-03-20 11:11:55,313 - INFO - Добавлена группа опций: Безопасность с 7 элементами
2025-03-20 11:11:55,313 - INFO - Добавлена группа опций: Другие с 12 элементами
2025-03-20 11:11:55,313 - INFO - Добавлена группа опций: Комфорт с 15 элементами
2025-03-20 11:11:55,314 - INFO - Добавлена группа опций: Обзор и фары с 3 элементами
2025-03-20 11:11:55,314 - INFO - Извлечение фотографий автомобиля
2025-03-20 11:11:55,335 - INFO - Найдено 20 фотографий
2025-03-20 11:11:55,336 - INFO - Сформированы данные для автомобиля: Ford Explorer
2025-03-20 11:11:55,336 - INFO - Сохранение данных в JSON файл
2025-03-20 11:11:55,336 - INFO - Чтение существующего файла auto_data.json
2025-03-20 11:11:55,338 - INFO - Прочитано 8 записей из файла
2025-03-20 11:11:55,338 - INFO - Добавлено 1 новых записей, всего: 9
2025-03-20 11:11:55,343 - INFO - Данные успешно сохранены в auto_data.json
2025-03-20 11:11:55,344 - INFO - Сохранены данные для машины: https://autospot.ru/brands/ford/explorer/2017/suv/used/548090/
2025-03-20 11:11:55,348 - INFO - Обработка автомобиля: https://autospot.ru/brands/mazda/cx-5/2011/suv/used/600495/
2025-03-20 11:11:55,348 - INFO - Поиск основной информации по https://autospot.ru/brands/mazda/cx-5/2011/suv/used/600495/
2025-03-20 11:11:55,348 - INFO - Выполняется запрос к URL: https://autospot.ru/brands/mazda/cx-5/2011/suv/used/600495/
2025-03-20 11:12:02,339 - INFO - Получен ответ с кодом: 200
2025-03-20 11:12:02,339 - INFO - Страница https://autospot.ru/brands/mazda/cx-5/2011/suv/used/600495/ успешно получена, извлекаем данные
2025-03-20 11:12:02,343 - INFO - Найден скрипт serverApp-state, извлекаем JSON
2025-03-20 11:12:02,346 - INFO - Найдены данные об автомобиле
2025-03-20 11:12:02,347 - INFO - Найдены характеристики автомобиля
2025-03-20 11:12:02,347 - INFO - Найдены опции автомобиля
2025-03-20 11:12:02,347 - INFO - Добавлена группа опций: Экстерьер с 3 элементами
2025-03-20 11:12:02,347 - INFO - Добавлена группа опций: Интерьер с 3 элементами
2025-03-20 11:12:02,348 - INFO - Добавлена группа опций: Мультимедиа с 5 элементами
2025-03-20 11:12:02,348 - INFO - Добавлена группа опций: Безопасность с 12 элементами
2025-03-20 11:12:02,348 - INFO - Добавлена группа опций: Обзор и фары с 5 элементами
2025-03-20 11:12:02,348 - INFO - Добавлена группа опций: Комфорт с 29 элементами
2025-03-20 11:12:02,348 - INFO - Добавлена группа опций: Дополнительно с 1 элементами
2025-03-20 11:12:02,349 - INFO - Добавлена группа опций: Другие с 8 элементами
2025-03-20 11:12:02,349 - INFO - Извлечение фотографий автомобиля
2025-03-20 11:12:02,376 - INFO - Найдено 17 фотографий
2025-03-20 11:12:02,377 - INFO - Сформированы данные для автомобиля: Mazda CX-5
2025-03-20 11:12:02,377 - INFO - Сохранение данных в JSON файл
2025-03-20 11:12:02,377 - INFO - Чтение существующего файла auto_data.json
2025-03-20 11:12:02,379 - INFO - Прочитано 9 записей из файла
2025-03-20 11:12:02,380 - INFO - Добавлено 1 новых записей, всего: 10
2025-03-20 11:12:02,388 - INFO - Данные успешно сохранены в auto_data.json
2025-03-20 11:12:02,389 - INFO - Сохранены данные для машины: https://autospot.ru/brands/mazda/cx-5/2011/suv/used/600495/
2025-03-20 11:12:02,393 - INFO - Обработка автомобиля: https://autospot.ru/brands/kia/optima_new/2018/sedan/used/547670/
2025-03-20 11:12:02,393 - INFO - Поиск основной информации по https://autospot.ru/brands/kia/optima_new/2018/sedan/used/547670/
2025-03-20 11:12:02,393 - INFO - Выполняется запрос к URL: https://autospot.ru/brands/kia/optima_new/2018/sedan/used/547670/
2025-03-20 11:12:07,704 - INFO - Получен ответ с кодом: 200
2025-03-20 11:12:07,705 - INFO - Страница https://autospot.ru/brands/kia/optima_new/2018/sedan/used/547670/ успешно получена, извлекаем данные
2025-03-20 11:12:07,710 - INFO - Найден скрипт serverApp-state, извлекаем JSON
2025-03-20 11:12:07,713 - INFO - Найдены данные об автомобиле
2025-03-20 11:12:07,713 - INFO - Найдены характеристики автомобиля
2025-03-20 11:12:07,714 - INFO - Найдены опции автомобиля
2025-03-20 11:12:07,714 - INFO - Добавлена группа опций: Комфорт с 8 элементами
2025-03-20 11:12:07,714 - INFO - Добавлена группа опций: Безопасность с 4 элементами
2025-03-20 11:12:07,714 - INFO - Добавлена группа опций: Мультимедиа с 2 элементами
2025-03-20 11:12:07,715 - INFO - Добавлена группа опций: Обзор и фары с 3 элементами
2025-03-20 11:12:07,715 - INFO - Добавлена группа опций: Другие с 20 элементами
2025-03-20 11:12:07,715 - INFO - Извлечение фотографий автомобиля
2025-03-20 11:12:07,740 - INFO - Найдено 20 фотографий
2025-03-20 11:12:07,740 - INFO - Сформированы данные для автомобиля: KIA Optima
2025-03-20 11:12:07,740 - INFO - Сохранение данных в JSON файл
2025-03-20 11:12:07,741 - INFO - Чтение существующего файла auto_data.json
2025-03-20 11:12:07,743 - INFO - Прочитано 10 записей из файла
2025-03-20 11:12:07,743 - INFO - Добавлено 1 новых записей, всего: 11
2025-03-20 11:12:07,751 - INFO - Данные успешно сохранены в auto_data.json
2025-03-20 11:12:07,752 - INFO - Сохранены данные для машины: https://autospot.ru/brands/kia/optima_new/2018/sedan/used/547670/
2025-03-20 11:12:07,756 - INFO - Обработка автомобиля: https://autospot.ru/brands/nissan/qashqai/2017/suv/used/575225/
2025-03-20 11:12:07,756 - INFO - Поиск основной информации по https://autospot.ru/brands/nissan/qashqai/2017/suv/used/575225/
2025-03-20 11:12:07,756 - INFO - Выполняется запрос к URL: https://autospot.ru/brands/nissan/qashqai/2017/suv/used/575225/
